# JRE version: Java(TM) SE Runtime Environment 18.9 (11.0.9+7) (build 11.0.9+7-LTS)
# Java VM: Java HotSpot(TM) 64-Bit Server VM 18.9 (11.0.9+7-LTS, mixed mode, tiered, compressed oops, g1 gc, windows-amd64)
Heap:
 garbage-first heap   total 260096K, used 158804K [0x0000000080000000, 0x0000000100000000)
  region size 1024K, 28 young (28672K), 12 survivors (12288K)
 Metaspace       used 112478K, capacity 116643K, committed 116744K, reserved 1150976K
  class space    used 13996K, capacity 15418K, committed 15488K, reserved 1048576K
GC Heap History (10 events):
Event: 2637.917 GC heap before
{Heap before GC invocations=20 (full 0):
 garbage-first heap   total 260096K, used 207127K [0x0000000080000000, 0x0000000100000000)
  region size 1024K, 97 young (99328K), 5 survivors (5120K)
 Metaspace       used 105143K, capacity 108884K, committed 109192K, reserved 1144832K
  class space    used 13221K, capacity 14478K, committed 14592K, reserved 1048576K
}
Event: 2637.926 GC heap after
{Heap after GC invocations=21 (full 0):
 garbage-first heap   total 260096K, used 122099K [0x0000000080000000, 0x0000000100000000)
  region size 1024K, 13 young (13312K), 13 survivors (13312K)
 Metaspace       used 105143K, capacity 108884K, committed 109192K, reserved 1144832K
  class space    used 13221K, capacity 14478K, committed 14592K, reserved 1048576K
}
Event: 2778.491 GC heap before
{Heap before GC invocations=21 (full 0):
 garbage-first heap   total 260096K, used 208115K [0x0000000080000000, 0x0000000100000000)
  region size 1024K, 98 young (100352K), 13 survivors (13312K)
 Metaspace       used 105800K, capacity 109632K, committed 109832K, reserved 1144832K
  class space    used 13280K, capacity 14599K, committed 14720K, reserved 1048576K
}
Event: 2778.498 GC heap after
{Heap after GC invocations=22 (full 0):
 garbage-first heap   total 260096K, used 119766K [0x0000000080000000, 0x0000000100000000)
  region size 1024K, 6 young (6144K), 6 survivors (6144K)
 Metaspace       used 105800K, capacity 109632K, committed 109832K, reserved 1144832K
  class space    used 13280K, capacity 14599K, committed 14720K, reserved 1048576K
}
Event: 2865.731 GC heap before
{Heap before GC invocations=22 (full 0):
 garbage-first heap   total 260096K, used 209878K [0x0000000080000000, 0x0000000100000000)
  region size 1024K, 95 young (97280K), 6 survivors (6144K)
 Metaspace       used 106238K, capacity 110239K, committed 110344K, reserved 1144832K
  class space    used 13322K, capacity 14670K, committed 14720K, reserved 1048576K
}
Event: 2865.734 GC heap after
{Heap after GC invocations=23 (full 0):
 garbage-first heap   total 260096K, used 116907K [0x0000000080000000, 0x0000000100000000)
  region size 1024K, 3 young (3072K), 3 survivors (3072K)
 Metaspace       used 106238K, capacity 110239K, committed 110344K, reserved 1144832K
  class space    used 13322K, capacity 14670K, committed 14720K, reserved 1048576K
}
Event: 2869.341 GC heap before
{Heap before GC invocations=23 (full 0):
 garbage-first heap   total 260096K, used 212139K [0x0000000080000000, 0x0000000100000000)
  region size 1024K, 96 young (98304K), 3 survivors (3072K)
 Metaspace       used 111986K, capacity 116100K, committed 116232K, reserved 1150976K
  class space    used 13988K, capacity 15376K, committed 15488K, reserved 1048576K
}
Event: 2869.349 GC heap after
{Heap after GC invocations=24 (full 0):
 garbage-first heap   total 260096K, used 129329K [0x0000000080000000, 0x0000000100000000)
  region size 1024K, 12 young (12288K), 12 survivors (12288K)
 Metaspace       used 111986K, capacity 116100K, committed 116232K, reserved 1150976K
  class space    used 13988K, capacity 15376K, committed 15488K, reserved 1048576K
}
Event: 2870.162 GC heap before
{Heap before GC invocations=24 (full 0):
 garbage-first heap   total 260096K, used 178481K [0x0000000080000000, 0x0000000100000000)
  region size 1024K, 62 young (63488K), 12 survivors (12288K)
 Metaspace       used 112290K, capacity 116430K, committed 116744K, reserved 1150976K
  class space    used 13989K, capacity 15377K, committed 15488K, reserved 1048576K
}
Event: 2870.174 GC heap after
{Heap after GC invocations=25 (full 0):
 garbage-first heap   total 260096K, used 140372K [0x0000000080000000, 0x0000000100000000)
  region size 1024K, 12 young (12288K), 12 survivors (12288K)
 Metaspace       used 112290K, capacity 116430K, committed 116744K, reserved 1150976K
  class space    used 13989K, capacity 15377K, committed 15488K, reserved 1048576K
}

